<?xml version="1.0" encoding="UTF-8"?>
<!-- Generated by org.testng.reporters.JUnitXMLReporter -->
<testsuite ignored="4" hostname="DESKTOP-032RF4C" failures="0" tests="1" name="Default test" time="7.004" errors="0" timestamp="2022-05-23T14:03:27 PDT">
  <testcase classname="page.salesforcePOM.test.SFautomationScriptPOM" name="TC04B" time="3.134"/>
  <testcase classname="page.salesforcePOM.test.SFautomationScriptPOM" name="TC04A" time="0.0">
    <ignored/>
  </testcase> <!-- TC04A -->
  <testcase classname="page.salesforcePOM.test.SFautomationScriptPOM" name="TC01" time="0.0">
    <ignored/>
  </testcase> <!-- TC01 -->
  <testcase classname="page.salesforcePOM.test.SFautomationScriptPOM" name="TC03" time="0.0">
    <ignored/>
  </testcase> <!-- TC03 -->
  <testcase classname="page.salesforcePOM.test.SFautomationScriptPOM" name="TC02" time="0.0">
    <ignored/>
  </testcase> <!-- TC02 -->
</testsuite> <!-- Default test -->
