<?xml version="1.0" encoding="UTF-8"?>
<!-- Generated by org.testng.reporters.JUnitXMLReporter -->
<testsuite ignored="2" hostname="DESKTOP-032RF4C" failures="0" tests="5" name="Test" time="33.936" errors="0" timestamp="2022-05-23T14:44:36 PDT">
  <testcase classname="page.salesforcePOM.test.SFautomationScriptPOM" name="TC01" time="2.543"/>
  <testcase classname="page.salesforcePOM.test.SFautomationScriptPOM" name="TC02" time="3.484"/>
  <testcase classname="page.salesforcePOM.test.SFautomationScriptPOM" name="TC03" time="8.682"/>
  <testcase classname="page.salesforcePOM.test.SFautomationScriptPOM" name="TC04A" time="1.49"/>
  <testcase classname="page.salesforcePOM.test.SFautomationScriptPOM" name="TC04B" time="3.636"/>
  <testcase classname="com.salesforcePOM.base.SFbaseTestPOM" name="@BeforeTest initialTestSetup" time="0.0">
    <ignored/>
  </testcase> <!-- @BeforeTest initialTestSetup -->
  <testcase classname="com.salesforcePOM.base.SFbaseTestPOM" name="@AfterTest finalTestTearDown" time="0.0">
    <ignored/>
  </testcase> <!-- @AfterTest finalTestTearDown -->
</testsuite> <!-- Test -->
