<?xml version="1.0" encoding="UTF-8"?>
<testng-results ignored="2" total="7" passed="5" failed="0" skipped="0">
  <reporter-output>
  </reporter-output>
  <suite started-at="2022-05-23T14:44:02 PDT" name="Suite" finished-at="2022-05-23T14:44:36 PDT" duration-ms="33936">
    <groups>
    </groups>
    <test started-at="2022-05-23T14:44:02 PDT" name="Test" finished-at="2022-05-23T14:44:36 PDT" duration-ms="33936">
      <class name="com.salesforcePOM.base.SFbaseTestPOM">
        <test-method is-config="true" signature="initialTestSetup()[pri:0, instance:com.salesforcePOM.base.SFbaseTestPOM@dbf57b3]" started-at="2022-05-23T14:44:02 PDT" name="initialTestSetup" finished-at="2022-05-23T14:44:02 PDT" duration-ms="281" status="PASS">
          <reporter-output>
          </reporter-output>
        </test-method> <!-- initialTestSetup -->
        <test-method is-config="true" signature="finalTestTearDown()[pri:0, instance:com.salesforcePOM.base.SFbaseTestPOM@dbf57b3]" started-at="2022-05-23T14:44:36 PDT" name="finalTestTearDown" finished-at="2022-05-23T14:44:36 PDT" duration-ms="436" status="PASS">
          <reporter-output>
          </reporter-output>
        </test-method> <!-- finalTestTearDown -->
      </class> <!-- com.salesforcePOM.base.SFbaseTestPOM -->
      <class name="page.salesforcePOM.test.SFautomationScriptPOM">
        <test-method is-config="true" signature="setUp(java.lang.reflect.Method)[pri:0, instance:page.salesforcePOM.test.SFautomationScriptPOM@5af3afd9]" started-at="2022-05-23T14:44:02 PDT" name="setUp" finished-at="2022-05-23T14:44:06 PDT" duration-ms="3392" status="PASS">
          <params>
            <param index="0">
              <value>
                <![CDATA[public static void page.salesforcePOM.test.SFautomationScriptPOM.TC01()]]>
              </value>
            </param>
          </params>
          <reporter-output>
          </reporter-output>
        </test-method> <!-- setUp -->
        <test-method signature="TC01()[pri:0, instance:page.salesforcePOM.test.SFautomationScriptPOM@5af3afd9]" started-at="2022-05-23T14:44:06 PDT" name="TC01" finished-at="2022-05-23T14:44:08 PDT" duration-ms="2543" status="PASS">
          <reporter-output>
          </reporter-output>
        </test-method> <!-- TC01 -->
        <test-method is-config="true" signature="tearDown()[pri:0, instance:page.salesforcePOM.test.SFautomationScriptPOM@5af3afd9]" started-at="2022-05-23T14:44:08 PDT" name="tearDown" finished-at="2022-05-23T14:44:09 PDT" duration-ms="407" status="PASS">
          <reporter-output>
          </reporter-output>
        </test-method> <!-- tearDown -->
        <test-method is-config="true" signature="setUp(java.lang.reflect.Method)[pri:0, instance:page.salesforcePOM.test.SFautomationScriptPOM@5af3afd9]" started-at="2022-05-23T14:44:09 PDT" name="setUp" finished-at="2022-05-23T14:44:11 PDT" duration-ms="2235" status="PASS">
          <params>
            <param index="0">
              <value>
                <![CDATA[public static void page.salesforcePOM.test.SFautomationScriptPOM.TC02()]]>
              </value>
            </param>
          </params>
          <reporter-output>
          </reporter-output>
        </test-method> <!-- setUp -->
        <test-method signature="TC02()[pri:0, instance:page.salesforcePOM.test.SFautomationScriptPOM@5af3afd9]" started-at="2022-05-23T14:44:11 PDT" name="TC02" finished-at="2022-05-23T14:44:14 PDT" duration-ms="3484" status="PASS">
          <reporter-output>
          </reporter-output>
        </test-method> <!-- TC02 -->
        <test-method is-config="true" signature="tearDown()[pri:0, instance:page.salesforcePOM.test.SFautomationScriptPOM@5af3afd9]" started-at="2022-05-23T14:44:14 PDT" name="tearDown" finished-at="2022-05-23T14:44:15 PDT" duration-ms="289" status="PASS">
          <reporter-output>
          </reporter-output>
        </test-method> <!-- tearDown -->
        <test-method is-config="true" signature="setUp(java.lang.reflect.Method)[pri:0, instance:page.salesforcePOM.test.SFautomationScriptPOM@5af3afd9]" started-at="2022-05-23T14:44:15 PDT" name="setUp" finished-at="2022-05-23T14:44:17 PDT" duration-ms="1780" status="PASS">
          <params>
            <param index="0">
              <value>
                <![CDATA[public static void page.salesforcePOM.test.SFautomationScriptPOM.TC03()]]>
              </value>
            </param>
          </params>
          <reporter-output>
          </reporter-output>
        </test-method> <!-- setUp -->
        <test-method signature="TC03()[pri:0, instance:page.salesforcePOM.test.SFautomationScriptPOM@5af3afd9]" started-at="2022-05-23T14:44:17 PDT" name="TC03" finished-at="2022-05-23T14:44:25 PDT" duration-ms="8682" status="PASS">
          <reporter-output>
          </reporter-output>
        </test-method> <!-- TC03 -->
        <test-method is-config="true" signature="tearDown()[pri:0, instance:page.salesforcePOM.test.SFautomationScriptPOM@5af3afd9]" started-at="2022-05-23T14:44:25 PDT" name="tearDown" finished-at="2022-05-23T14:44:26 PDT" duration-ms="381" status="PASS">
          <reporter-output>
          </reporter-output>
        </test-method> <!-- tearDown -->
        <test-method is-config="true" signature="setUp(java.lang.reflect.Method)[pri:0, instance:page.salesforcePOM.test.SFautomationScriptPOM@5af3afd9]" started-at="2022-05-23T14:44:26 PDT" name="setUp" finished-at="2022-05-23T14:44:28 PDT" duration-ms="2076" status="PASS">
          <params>
            <param index="0">
              <value>
                <![CDATA[public static void page.salesforcePOM.test.SFautomationScriptPOM.TC04A()]]>
              </value>
            </param>
          </params>
          <reporter-output>
          </reporter-output>
        </test-method> <!-- setUp -->
        <test-method signature="TC04A()[pri:0, instance:page.salesforcePOM.test.SFautomationScriptPOM@5af3afd9]" started-at="2022-05-23T14:44:28 PDT" name="TC04A" finished-at="2022-05-23T14:44:29 PDT" duration-ms="1490" status="PASS">
          <reporter-output>
          </reporter-output>
        </test-method> <!-- TC04A -->
        <test-method is-config="true" signature="tearDown()[pri:0, instance:page.salesforcePOM.test.SFautomationScriptPOM@5af3afd9]" started-at="2022-05-23T14:44:29 PDT" name="tearDown" finished-at="2022-05-23T14:44:29 PDT" duration-ms="295" status="PASS">
          <reporter-output>
          </reporter-output>
        </test-method> <!-- tearDown -->
        <test-method is-config="true" signature="setUp(java.lang.reflect.Method)[pri:0, instance:page.salesforcePOM.test.SFautomationScriptPOM@5af3afd9]" started-at="2022-05-23T14:44:29 PDT" name="setUp" finished-at="2022-05-23T14:44:32 PDT" duration-ms="2161" status="PASS">
          <params>
            <param index="0">
              <value>
                <![CDATA[public static void page.salesforcePOM.test.SFautomationScriptPOM.TC04B()]]>
              </value>
            </param>
          </params>
          <reporter-output>
          </reporter-output>
        </test-method> <!-- setUp -->
        <test-method signature="TC04B()[pri:0, instance:page.salesforcePOM.test.SFautomationScriptPOM@5af3afd9]" started-at="2022-05-23T14:44:32 PDT" name="TC04B" finished-at="2022-05-23T14:44:35 PDT" duration-ms="3636" status="PASS">
          <reporter-output>
          </reporter-output>
        </test-method> <!-- TC04B -->
        <test-method is-config="true" signature="tearDown()[pri:0, instance:page.salesforcePOM.test.SFautomationScriptPOM@5af3afd9]" started-at="2022-05-23T14:44:35 PDT" name="tearDown" finished-at="2022-05-23T14:44:36 PDT" duration-ms="301" status="PASS">
          <reporter-output>
          </reporter-output>
        </test-method> <!-- tearDown -->
      </class> <!-- page.salesforcePOM.test.SFautomationScriptPOM -->
    </test> <!-- Test -->
  </suite> <!-- Suite -->
</testng-results>
